[     861ms] [ERROR] A tree hydrated but some attributes of the server rendered HTML didn't match the client properties. This won't be patched up. This can happen if a SSR-ed Client Component used:

- A server/client branch `if (typeof window !== 'undefined')`.
- Variable input such as `Date.now()` or `Math.random()` which changes each time it's called.
- Date formatting in a user's locale which doesn't match the server.
- External changing data without sending a snapshot of it along with the HTML.
- Invalid HTML tag nesting.

It can also happen if the client has a browser extension installed which messes with the HTML before React loaded.

%s%s https://react.dev/link/hydration-mismatch 

  ...
    <ClerkProvider publishableKey="pk_test_Yn..." proxyUrl="" domain="" isSatellite={false} signInUrl="/sign-in" ...>
      <ClerkProviderBase publishableKey="pk_test_Yn..." proxyUrl="" domain="" isSatellite={false} signInUrl="/sign-in" ...>
        <ClerkContextProvider initialState={null} isomorphicClerkOptions={{...}}>
          <OrganizationProvider organization={undefined}>
            <SWRConfigCompat swrConfig={undefined}>
              <SWRConfig value={undefined}>
                <__experimental_CheckoutProvider value={undefined}>
                  <RouterTelemetry>
                  <ClerkJSScript>
                  <html
                    lang="en"
                    dir="ltr"
-                   className="light"
-                   style={{color-scheme:"light"}}
                  >
 @ http://localhost:3000/_next/static/chunks/a5004_next_dist_481ca6bb._.js:3127
[     943ms] [WARNING] Clerk: Clerk has been loaded with development keys. Development instances have strict usage limits and should not be used when deploying your application to production. Learn more: https://clerk.com/docs/deployments/overview @ http://localhost:3000/_next/static/chunks/a5004_next_dist_481ca6bb._.js:2297
[    1345ms] [ERROR] Failed to load resource: net::ERR_FILE_NOT_FOUND @ blob:http://localhost:3000/9b602579-7127-461d-95ad-20f79ba84b5e:0
[  194227ms] [ERROR] %o

%s TypeError: t(...).map is not a function
    at HowToSell (http://localhost:3000/_next/static/chunks/web_promptsouq_src_6b0749c8._.js?id=%255Bproject%255D%252Fweb%252Fpromptsouq%252Fsrc%252Fcomponents%252FHowToSell.tsx+%255Bapp-client%255D+%2528ecmascript%2529:452:80)
    at Object.react_stack_bottom_frame (http://localhost:3000/_next/static/chunks/a5004_next_dist_compiled_react-dom_3bbe9960._.js:14826:24)
    at renderWithHooks (http://localhost:3000/_next/static/chunks/a5004_next_dist_compiled_react-dom_3bbe9960._.js:4651:24)
    at updateFunctionComponent (http://localhost:3000/_next/static/chunks/a5004_next_dist_compiled_react-dom_3bbe9960._.js:6112:21)
    at beginWork (http://localhost:3000/_next/static/chunks/a5004_next_dist_compiled_react-dom_3bbe9960._.js:6708:24)
    at runWithFiberInDEV (http://localhost:3000/_next/static/chunks/a5004_next_dist_compiled_react-dom_3bbe9960._.js:965:74)
    at performUnitOfWork (http://localhost:3000/_next/static/chunks/a5004_next_dist_compiled_react-dom_3bbe9960._.js:9562:97)
    at workLoopSync (http://localhost:3000/_next/static/chunks/a5004_next_dist_compiled_react-dom_3bbe9960._.js:9456:40)
    at renderRootSync (http://localhost:3000/_next/static/chunks/a5004_next_dist_compiled_react-dom_3bbe9960._.js:9440:13)
    at performWorkOnRoot (http://localhost:3000/_next/static/chunks/a5004_next_dist_compiled_react-dom_3bbe9960._.js:9105:47)
    at performSyncWorkOnRoot (http://localhost:3000/_next/static/chunks/a5004_next_dist_compiled_react-dom_3bbe9960._.js:10238:9)
    at flushSyncWorkAcrossRoots_impl (http://localhost:3000/_next/static/chunks/a5004_next_dist_compiled_react-dom_3bbe9960._.js:10154:316)
    at flushSyncWork$1 (http://localhost:3000/_next/static/chunks/a5004_next_dist_compiled_react-dom_3bbe9960._.js:9237:86)
    at Object.scheduleRefresh (http://localhost:3000/_next/static/chunks/a5004_next_dist_compiled_react-dom_3bbe9960._.js:299:13)
    at http://localhost:3000/_next/static/chunks/a5004_next_dist_compiled_b1583bcd._.js:391:33
    at Set.forEach (<anonymous>)
    at Object.performReactRefresh (http://localhost:3000/_next/static/chunks/a5004_next_dist_compiled_b1583bcd._.js:384:38)
    at applyUpdate (http://localhost:3000/_next/static/chunks/a5004_next_dist_compiled_b1583bcd._.js:878:31)
    at http://localhost:3000/_next/static/chunks/a5004_next_dist_compiled_b1583bcd._.js:886:13 The above error occurred in the <HowToSell> component. It was handled by the <ErrorBoundaryHandler> error boundary. @ http://localhost:3000/_next/static/chunks/a5004_next_dist_client_8de7e089._.js:1342
